This file contains any messages produced by compilers while
running configure, to aid debugging if configure makes a mistake.

It was created by moddesc configure 1.0, which was
generated by GNU Autoconf 2.63.  Invocation command line was

  $ ./configure --prefix=/home/joseba/.local

## --------- ##
## Platform. ##
## --------- ##

hostname = rescubuntu
uname -m = i686
uname -r = 2.6.28-11-generic
uname -s = Linux
uname -v = #40-Ubuntu SMP Fri Apr 3 17:39:51 UTC 2009

/usr/bin/uname -p = unknown
/bin/uname -X     = unknown

/bin/arch              = unknown
/usr/bin/arch -k       = unknown
/usr/convex/getsysinfo = unknown
/usr/bin/hostinfo      = unknown
/bin/machine           = unknown
/usr/bin/oslevel       = unknown
/bin/universe          = unknown

PATH: /home/joseba/.local/bin
PATH: /usr/local/sbin
PATH: /usr/local/bin
PATH: /usr/sbin
PATH: /usr/bin
PATH: /sbin
PATH: /bin
PATH: /usr/games


## ----------- ##
## Core tests. ##
## ----------- ##

configure:1890: checking build system type
configure:1908: result: i686-pc-linux-gnu
configure:1930: checking host system type
configure:1945: result: i686-pc-linux-gnu
configure:1967: checking target system type
configure:1982: result: i686-pc-linux-gnu
configure:2027: checking for a BSD-compatible install
configure:2095: result: /usr/bin/install -c
configure:2106: checking whether build environment is sane
configure:2149: result: yes
configure:2174: checking for a thread-safe mkdir -p
configure:2213: result: /bin/mkdir -p
configure:2226: checking for gawk
configure:2256: result: no
configure:2226: checking for mawk
configure:2242: found /usr/bin/mawk
configure:2253: result: mawk
configure:2264: checking whether make sets $(MAKE)
configure:2286: result: yes
configure:2520: checking for gcc
configure:2536: found /usr/bin/gcc
configure:2547: result: gcc
configure:2779: checking for C compiler version
configure:2787: gcc --version >&5
gcc (Ubuntu 4.3.3-5ubuntu4) 4.3.3
Copyright (C) 2008 Free Software Foundation, Inc.
This is free software; see the source for copying conditions.  There is NO
warranty; not even for MERCHANTABILITY or FITNESS FOR A PARTICULAR PURPOSE.

configure:2791: $? = 0
configure:2798: gcc -v >&5
Using built-in specs.
Target: i486-linux-gnu
Configured with: ../src/configure -v --with-pkgversion='Ubuntu 4.3.3-5ubuntu4' --with-bugurl=file:///usr/share/doc/gcc-4.3/README.Bugs --enable-languages=c,c++,fortran,objc,obj-c++ --prefix=/usr --enable-shared --with-system-zlib --libexecdir=/usr/lib --without-included-gettext --enable-threads=posix --enable-nls --with-gxx-include-dir=/usr/include/c++/4.3 --program-suffix=-4.3 --enable-clocale=gnu --enable-libstdcxx-debug --enable-objc-gc --enable-mpfr --enable-targets=all --with-tune=generic --enable-checking=release --build=i486-linux-gnu --host=i486-linux-gnu --target=i486-linux-gnu
Thread model: posix
gcc version 4.3.3 (Ubuntu 4.3.3-5ubuntu4) 
configure:2802: $? = 0
configure:2809: gcc -V >&5
gcc: '-V' option must have argument
configure:2813: $? = 1
configure:2836: checking for C compiler default output file name
configure:2858: gcc    conftest.c  >&5
configure:2862: $? = 0
configure:2900: result: a.out
configure:2919: checking whether the C compiler works
configure:2929: ./a.out
configure:2933: $? = 0
configure:2952: result: yes
configure:2959: checking whether we are cross compiling
configure:2961: result: no
configure:2964: checking for suffix of executables
configure:2971: gcc -o conftest    conftest.c  >&5
configure:2975: $? = 0
configure:3001: result: 
configure:3007: checking for suffix of object files
configure:3033: gcc -c   conftest.c >&5
configure:3037: $? = 0
configure:3062: result: o
configure:3066: checking whether we are using the GNU C compiler
configure:3095: gcc -c   conftest.c >&5
configure:3102: $? = 0
configure:3119: result: yes
configure:3128: checking whether gcc accepts -g
configure:3158: gcc -c -g  conftest.c >&5
configure:3165: $? = 0
configure:3266: result: yes
configure:3283: checking for gcc option to accept ISO C89
configure:3357: gcc  -c -g -O2  conftest.c >&5
configure:3364: $? = 0
configure:3387: result: none needed
configure:3416: checking for style of include used by make
configure:3444: result: GNU
configure:3469: checking dependency style of gcc
configure:3560: result: gcc3
configure:3575: checking whether make sets $(MAKE)
configure:3597: result: yes
configure:3635: checking whether to enable maintainer-specific portions of Makefiles
configure:3644: result: no
configure:3691: checking how to run the C preprocessor
configure:3731: gcc -E  conftest.c
configure:3738: $? = 0
configure:3769: gcc -E  conftest.c
conftest.c:10:28: error: ac_nonexistent.h: No such file or directory
configure:3776: $? = 1
configure: failed program was:
| /* confdefs.h.  */
| #define PACKAGE_NAME "moddesc"
| #define PACKAGE_TARNAME "moddesc"
| #define PACKAGE_VERSION "1.0"
| #define PACKAGE_STRING "moddesc 1.0"
| #define PACKAGE_BUGREPORT ""
| #define PACKAGE "moddesc"
| #define VERSION "1.0"
| /* end confdefs.h.  */
| #include <ac_nonexistent.h>
configure:3809: result: gcc -E
configure:3838: gcc -E  conftest.c
configure:3845: $? = 0
configure:3876: gcc -E  conftest.c
conftest.c:10:28: error: ac_nonexistent.h: No such file or directory
configure:3883: $? = 1
configure: failed program was:
| /* confdefs.h.  */
| #define PACKAGE_NAME "moddesc"
| #define PACKAGE_TARNAME "moddesc"
| #define PACKAGE_VERSION "1.0"
| #define PACKAGE_STRING "moddesc 1.0"
| #define PACKAGE_BUGREPORT ""
| #define PACKAGE "moddesc"
| #define VERSION "1.0"
| /* end confdefs.h.  */
| #include <ac_nonexistent.h>
configure:3923: checking for grep that handles long lines and -e
configure:3983: result: /bin/grep
configure:3988: checking for egrep
configure:4052: result: /bin/grep -E
configure:4057: checking for ANSI C header files
configure:4087: gcc -c  -Wall -I/usr/include/bennugd   -I/opt/bennu/include -I/usr/local/include -I/usr/include   conftest.c >&5
configure:4094: $? = 0
configure:4193: gcc -o conftest  -Wall -I/usr/include/bennugd   -I/opt/bennu/include -I/usr/local/include -I/usr/include    -lc -ldl -L/usr/lib/bennugd -lz -lbgdrtm   -L/usr/local/lib -L/usr/lib conftest.c  >&5
configure:4197: $? = 0
configure:4203: ./conftest
configure:4207: $? = 0
configure:4225: result: yes
configure:4249: checking for sys/types.h
configure:4270: gcc -c  -Wall -I/usr/include/bennugd   -I/opt/bennu/include -I/usr/local/include -I/usr/include   conftest.c >&5
configure:4277: $? = 0
configure:4294: result: yes
configure:4249: checking for sys/stat.h
configure:4270: gcc -c  -Wall -I/usr/include/bennugd   -I/opt/bennu/include -I/usr/local/include -I/usr/include   conftest.c >&5
configure:4277: $? = 0
configure:4294: result: yes
configure:4249: checking for stdlib.h
configure:4270: gcc -c  -Wall -I/usr/include/bennugd   -I/opt/bennu/include -I/usr/local/include -I/usr/include   conftest.c >&5
configure:4277: $? = 0
configure:4294: result: yes
configure:4249: checking for string.h
configure:4270: gcc -c  -Wall -I/usr/include/bennugd   -I/opt/bennu/include -I/usr/local/include -I/usr/include   conftest.c >&5
configure:4277: $? = 0
configure:4294: result: yes
configure:4249: checking for memory.h
configure:4270: gcc -c  -Wall -I/usr/include/bennugd   -I/opt/bennu/include -I/usr/local/include -I/usr/include   conftest.c >&5
configure:4277: $? = 0
configure:4294: result: yes
configure:4249: checking for strings.h
configure:4270: gcc -c  -Wall -I/usr/include/bennugd   -I/opt/bennu/include -I/usr/local/include -I/usr/include   conftest.c >&5
configure:4277: $? = 0
configure:4294: result: yes
configure:4249: checking for inttypes.h
configure:4270: gcc -c  -Wall -I/usr/include/bennugd   -I/opt/bennu/include -I/usr/local/include -I/usr/include   conftest.c >&5
configure:4277: $? = 0
configure:4294: result: yes
configure:4249: checking for stdint.h
configure:4270: gcc -c  -Wall -I/usr/include/bennugd   -I/opt/bennu/include -I/usr/local/include -I/usr/include   conftest.c >&5
configure:4277: $? = 0
configure:4294: result: yes
configure:4249: checking for unistd.h
configure:4270: gcc -c  -Wall -I/usr/include/bennugd   -I/opt/bennu/include -I/usr/local/include -I/usr/include   conftest.c >&5
configure:4277: $? = 0
configure:4294: result: yes
configure:4313: checking for stdlib.h
configure:4320: result: yes
configure:4618: creating ./config.status

## ---------------------- ##
## Running config.status. ##
## ---------------------- ##

This file was extended by moddesc config.status 1.0, which was
generated by GNU Autoconf 2.63.  Invocation command line was

  CONFIG_FILES    = 
  CONFIG_HEADERS  = 
  CONFIG_LINKS    = 
  CONFIG_COMMANDS = 
  $ ./config.status 

on rescubuntu

config.status:706: creating Makefile
config.status:917: executing depfiles commands

## ---------------- ##
## Cache variables. ##
## ---------------- ##

ac_cv_build=i686-pc-linux-gnu
ac_cv_c_compiler_gnu=yes
ac_cv_env_CC_set=
ac_cv_env_CC_value=
ac_cv_env_CFLAGS_set=
ac_cv_env_CFLAGS_value=
ac_cv_env_CPPFLAGS_set=
ac_cv_env_CPPFLAGS_value=
ac_cv_env_CPP_set=
ac_cv_env_CPP_value=
ac_cv_env_LDFLAGS_set=
ac_cv_env_LDFLAGS_value=
ac_cv_env_LIBS_set=
ac_cv_env_LIBS_value=
ac_cv_env_build_alias_set=
ac_cv_env_build_alias_value=
ac_cv_env_host_alias_set=
ac_cv_env_host_alias_value=
ac_cv_env_target_alias_set=
ac_cv_env_target_alias_value=
ac_cv_header_inttypes_h=yes
ac_cv_header_memory_h=yes
ac_cv_header_stdc=yes
ac_cv_header_stdint_h=yes
ac_cv_header_stdlib_h=yes
ac_cv_header_string_h=yes
ac_cv_header_strings_h=yes
ac_cv_header_sys_stat_h=yes
ac_cv_header_sys_types_h=yes
ac_cv_header_unistd_h=yes
ac_cv_host=i686-pc-linux-gnu
ac_cv_objext=o
ac_cv_path_EGREP='/bin/grep -E'
ac_cv_path_GREP=/bin/grep
ac_cv_path_install='/usr/bin/install -c'
ac_cv_path_mkdir=/bin/mkdir
ac_cv_prog_AWK=mawk
ac_cv_prog_CPP='gcc -E'
ac_cv_prog_ac_ct_CC=gcc
ac_cv_prog_cc_c89=
ac_cv_prog_cc_g=yes
ac_cv_prog_make_make_set=yes
ac_cv_target=i686-pc-linux-gnu
am_cv_CC_dependencies_compiler_type=gcc3

## ----------------- ##
## Output variables. ##
## ----------------- ##

ACLOCAL='${SHELL} /home/joseba/cvs/bennugd/tools/moddesc/missing --run aclocal-1.10'
AMDEPBACKSLASH='\'
AMDEP_FALSE='#'
AMDEP_TRUE=''
AMTAR='${SHELL} /home/joseba/cvs/bennugd/tools/moddesc/missing --run tar'
AUTOCONF='${SHELL} /home/joseba/cvs/bennugd/tools/moddesc/missing --run autoconf'
AUTOHEADER='${SHELL} /home/joseba/cvs/bennugd/tools/moddesc/missing --run autoheader'
AUTOMAKE='${SHELL} /home/joseba/cvs/bennugd/tools/moddesc/missing --run automake-1.10'
AWK='mawk'
CC='gcc'
CCDEPMODE='depmode=gcc3'
CFLAGS=' -Wall -I/usr/include/bennugd   -I/opt/bennu/include -I/usr/local/include -I/usr/include '
CPP='gcc -E'
CPPFLAGS=''
CYGPATH_W='echo'
DEFS='-DPACKAGE_NAME=\"moddesc\" -DPACKAGE_TARNAME=\"moddesc\" -DPACKAGE_VERSION=\"1.0\" -DPACKAGE_STRING=\"moddesc\ 1.0\" -DPACKAGE_BUGREPORT=\"\" -DPACKAGE=\"moddesc\" -DVERSION=\"1.0\" -DSTDC_HEADERS=1 -DHAVE_SYS_TYPES_H=1 -DHAVE_SYS_STAT_H=1 -DHAVE_STDLIB_H=1 -DHAVE_STRING_H=1 -DHAVE_MEMORY_H=1 -DHAVE_STRINGS_H=1 -DHAVE_INTTYPES_H=1 -DHAVE_STDINT_H=1 -DHAVE_UNISTD_H=1 -DHAVE_STDLIB_H=1'
DEPDIR='.deps'
ECHO_C=''
ECHO_N='-n'
ECHO_T=''
EGREP='/bin/grep -E'
EXEEXT=''
GREP='/bin/grep'
INSTALL_DATA='${INSTALL} -m 644'
INSTALL_PROGRAM='${INSTALL}'
INSTALL_SCRIPT='${INSTALL}'
INSTALL_STRIP_PROGRAM='$(install_sh) -c -s'
LDFLAGS=' -lc -ldl -L/usr/lib/bennugd -lz -lbgdrtm   -L/usr/local/lib -L/usr/lib'
LIBOBJS=''
LIBS=''
LTLIBOBJS=''
MAINT='#'
MAINTAINER_MODE_FALSE=''
MAINTAINER_MODE_TRUE='#'
MAKEINFO='${SHELL} /home/joseba/cvs/bennugd/tools/moddesc/missing --run makeinfo'
MKDIR_P='/bin/mkdir -p'
OBJEXT='o'
PACKAGE='moddesc'
PACKAGE_BUGREPORT=''
PACKAGE_NAME='moddesc'
PACKAGE_STRING='moddesc 1.0'
PACKAGE_TARNAME='moddesc'
PACKAGE_VERSION='1.0'
PATH_SEPARATOR=':'
SET_MAKE=''
SHELL='/bin/bash'
STRIP=''
VERSION='1.0'
ac_ct_CC='gcc'
am__fastdepCC_FALSE='#'
am__fastdepCC_TRUE=''
am__include='include'
am__isrc=''
am__leading_dot='.'
am__quote=''
am__tar='${AMTAR} chof - "$$tardir"'
am__untar='${AMTAR} xf -'
bindir='${exec_prefix}/bin'
build='i686-pc-linux-gnu'
build_alias=''
build_cpu='i686'
build_os='linux-gnu'
build_vendor='pc'
datadir='${datarootdir}'
datarootdir='${prefix}/share'
docdir='${datarootdir}/doc/${PACKAGE_TARNAME}'
dvidir='${docdir}'
exec_prefix='${prefix}'
host='i686-pc-linux-gnu'
host_alias=''
host_cpu='i686'
host_os='linux-gnu'
host_vendor='pc'
htmldir='${docdir}'
includedir='${prefix}/include'
infodir='${datarootdir}/info'
install_sh='$(SHELL) /home/joseba/cvs/bennugd/tools/moddesc/install-sh'
libdir='${exec_prefix}/lib'
libexecdir='${exec_prefix}/libexec'
localedir='${datarootdir}/locale'
localstatedir='${prefix}/var'
mandir='${datarootdir}/man'
mkdir_p='/bin/mkdir -p'
oldincludedir='/usr/include'
pdfdir='${docdir}'
prefix='/home/joseba/.local'
program_transform_name='s,x,x,'
psdir='${docdir}'
sbindir='${exec_prefix}/sbin'
sharedstatedir='${prefix}/com'
sysconfdir='${prefix}/etc'
target='i686-pc-linux-gnu'
target_alias=''
target_cpu='i686'
target_os='linux-gnu'
target_vendor='pc'

## ----------- ##
## confdefs.h. ##
## ----------- ##

#define PACKAGE_NAME "moddesc"
#define PACKAGE_TARNAME "moddesc"
#define PACKAGE_VERSION "1.0"
#define PACKAGE_STRING "moddesc 1.0"
#define PACKAGE_BUGREPORT ""
#define PACKAGE "moddesc"
#define VERSION "1.0"
#define STDC_HEADERS 1
#define HAVE_SYS_TYPES_H 1
#define HAVE_SYS_STAT_H 1
#define HAVE_STDLIB_H 1
#define HAVE_STRING_H 1
#define HAVE_MEMORY_H 1
#define HAVE_STRINGS_H 1
#define HAVE_INTTYPES_H 1
#define HAVE_STDINT_H 1
#define HAVE_UNISTD_H 1
#define HAVE_STDLIB_H 1

configure: exit 0
